<?xml version="1.0" encoding="UTF-8"?>
<testsuite xmlns:xsi="http://www.w3.org/2001/XMLSchema-instance" xsi:noNamespaceSchemaLocation="https://maven.apache.org/surefire/maven-surefire-plugin/xsd/surefire-test-report-3.0.xsd" version="3.0" name="ca.concordia.gamma.GammaCalculatorTest" time="0.366" tests="8" errors="0" skipped="0" failures="0">
  <properties>
[...]
</properties>
  <testcase name="testGammaNaN" classname="ca.concordia.gamma.GammaCalculatorTest" time="0.021"/>
  <testcase name="testGammaLargeInput" classname="ca.concordia.gamma.GammaCalculatorTest" time="0.029">
    <system-out><![CDATA[Gamma(200) = Infinity
]]></system-out>
  </testcase>
  <testcase name="testGammaNegativeNonInteger" classname="ca.concordia.gamma.GammaCalculatorTest" time="0.025">
    <system-out><![CDATA[Gamma(-2.5) = -0.945308722715611
]]></system-out>
  </testcase>
  <testcase name="testGammaSmallPositive" classname="ca.concordia.gamma.GammaCalculatorTest" time="0.004">
    <system-out><![CDATA[Gamma(0.1) = 9.513507698439202
]]></system-out>
  </testcase>
  <testcase name="testGammaInfinity" classname="ca.concordia.gamma.GammaCalculatorTest" time="0.0"/>
  <testcase name="testGammaUndefined" classname="ca.concordia.gamma.GammaCalculatorTest" time="0.003">
    <system-out><![CDATA[Gamma(0) = NaN
]]></system-out>
  </testcase>
  <testcase name="testGammaPositiveInteger" classname="ca.concordia.gamma.GammaCalculatorTest" time="0.006">
    <system-out><![CDATA[Gamma(5) = 24.0
]]></system-out>
  </testcase>
  <testcase name="testGammaHalf" classname="ca.concordia.gamma.GammaCalculatorTest" time="0.008">
    <system-out><![CDATA[Gamma(0.5) = 1.7724538509055159
]]></system-out>
  </testcase>
</testsuite>